<?xml version="1.0" encoding="utf-8"?><testsuites name="pytest tests"><testsuite name="pytest" errors="0" failures="0" skipped="0" tests="28" time="9.494" timestamp="2026-03-10T22:19:17.032587+00:00" hostname="agent-env-59df7e87-a2d5-4951-bc96-2cad906ab70e"><testcase classname="backend.tests.test_refactored_backend.TestHealthEndpoint" name="test_health_returns_healthy" time="0.675" /><testcase classname="backend.tests.test_refactored_backend.TestAuthRoutes" name="test_login_admin_success" time="0.356" /><testcase classname="backend.tests.test_refactored_backend.TestAuthRoutes" name="test_login_standard_user" time="0.349" /><testcase classname="backend.tests.test_refactored_backend.TestAuthRoutes" name="test_login_invalid_credentials" time="0.119" /><testcase classname="backend.tests.test_refactored_backend.TestAuthRoutes" name="test_auth_me_requires_token" time="0.126" /><testcase classname="backend.tests.test_refactored_backend.TestChamadosRoutes" name="test_list_chamados_pendentes" time="0.658" /><testcase classname="backend.tests.test_refactored_backend.TestChamadosRoutes" name="test_list_all_chamados" time="0.665" /><testcase classname="backend.tests.test_refactored_backend.TestChamadosRoutes" name="test_get_chamado_by_id" time="0.719" /><testcase classname="backend.tests.test_refactored_backend.TestChamadosRoutes" name="test_filter_by_motivo_pendencia" time="0.185" /><testcase classname="backend.tests.test_refactored_backend.TestDashboardRoutes" name="test_dashboard_stats" time="0.566" /><testcase classname="backend.tests.test_refactored_backend.TestDashboardRoutes" name="test_dashboard_v2_visao_geral" time="0.750" /><testcase classname="backend.tests.test_refactored_backend.TestDashboardRoutes" name="test_dashboard_v2_volume_canal" time="0.192" /><testcase classname="backend.tests.test_refactored_backend.TestDashboardRoutes" name="test_dashboard_v2_classificacao" time="0.114" /><testcase classname="backend.tests.test_refactored_backend.TestDashboardRoutes" name="test_dashboard_v2_performance" time="0.202" /><testcase classname="backend.tests.test_refactored_backend.TestDashboardRoutes" name="test_dashboard_v2_pendencias" time="0.139" /><testcase classname="backend.tests.test_refactored_backend.TestDashboardRoutes" name="test_dashboard_v2_estornos" time="0.154" /><testcase classname="backend.tests.test_refactored_backend.TestDashboardRoutes" name="test_dashboard_v2_reincidencia" time="0.119" /><testcase classname="backend.tests.test_refactored_backend.TestDashboardRoutes" name="test_dashboard_v2_filtros" time="0.122" /><testcase classname="backend.tests.test_refactored_backend.TestTextosRoutes" name="test_list_textos_padroes" time="0.459" /><testcase classname="backend.tests.test_refactored_backend.TestRelatoriosRoutes" name="test_relatorio_ag_compras" time="0.497" /><testcase classname="backend.tests.test_refactored_backend.TestRelatoriosRoutes" name="test_relatorio_ag_logistica" time="0.149" /><testcase classname="backend.tests.test_refactored_backend.TestPedidosRoutes" name="test_list_pedidos_erp_paginated" time="0.517" /><testcase classname="backend.tests.test_refactored_backend.TestPedidosRoutes" name="test_buscar_pedido_by_numero" time="0.111" /><testcase classname="backend.tests.test_refactored_backend.TestPedidosRoutes" name="test_fornecedores_list" time="0.119" /><testcase classname="backend.tests.test_refactored_backend.TestPedidosRoutes" name="test_estoque_paginated" time="0.154" /><testcase classname="backend.tests.test_refactored_backend.TestNotificacoesRoutes" name="test_list_notificacoes" time="0.457" /><testcase classname="backend.tests.test_refactored_backend.TestNotificacoesRoutes" name="test_verificar_canais" time="0.137" /><testcase classname="backend.tests.test_refactored_backend.TestChamadoUpdateMotivo" name="test_update_chamado_encerramento_autolimpa_motivo" time="0.595" /></testsuite></testsuites>