<?xml version="1.0" encoding="utf-8"?><testsuites name="pytest tests"><testsuite name="pytest" errors="0" failures="0" skipped="0" tests="12" time="5.830" timestamp="2026-03-10T21:57:05.174466+00:00" hostname="agent-env-59df7e87-a2d5-4951-bc96-2cad906ab70e"><testcase classname="backend.tests.test_motivo_pendencia_bug.TestAuthenticatedAccess" name="test_login_admin_success" time="0.467" /><testcase classname="backend.tests.test_motivo_pendencia_bug.TestAuthenticatedAccess" name="test_protected_endpoint_requires_auth" time="0.124" /><testcase classname="backend.tests.test_motivo_pendencia_bug.TestMotivoPendenciaAutoCleanup" name="test_create_chamado_pendente" time="0.461" /><testcase classname="backend.tests.test_motivo_pendencia_bug.TestMotivoPendenciaAutoCleanup" name="test_close_chamado_without_finalizador_should_set_encerrado" time="0.497" /><testcase classname="backend.tests.test_motivo_pendencia_bug.TestMotivoPendenciaAutoCleanup" name="test_close_chamado_with_finalizador_should_preserve_motivo" time="0.461" /><testcase classname="backend.tests.test_motivo_pendencia_bug.TestMotivoPendenciaAutoCleanup" name="test_close_chamado_with_devolvido_preserves" time="0.562" /><testcase classname="backend.tests.test_motivo_pendencia_bug.TestDataConsistency" name="test_no_invalid_motivos_in_list" time="0.911" /><testcase classname="backend.tests.test_motivo_pendencia_bug.TestDataConsistency" name="test_closed_chamados_have_valid_motivos" time="0.726" /><testcase classname="backend.tests.test_motivo_pendencia_bug.TestDataConsistency" name="test_motivo_pendencia_filter_works" time="0.172" /><testcase classname="backend.tests.test_motivo_pendencia_bug.TestDataConsistency" name="test_motivo_pendencia_encerrado_filter" time="0.172" /><testcase classname="backend.tests.test_motivo_pendencia_bug.TestListaChamadosFrontend" name="test_motivos_pendencia_list_consistency" time="0.915" /><testcase classname="backend.tests.test_motivo_pendencia_bug.TestCleanup" name="test_cleanup_test_chamados" time="0.248" /></testsuite></testsuites>