<?xml version="1.0" encoding="utf-8"?><testsuites name="pytest tests"><testsuite name="pytest" errors="0" failures="1" skipped="0" tests="24" time="11.621" timestamp="2026-03-01T22:21:42.808918+00:00" hostname="agent-env-cfe4155a-a404-4708-b26c-c6cbf70f0aa7"><testcase classname="backend.tests.test_emergent_api.TestAPIRoot" name="test_api_root" time="0.139" /><testcase classname="backend.tests.test_emergent_api.TestAuthentication" name="test_login_with_valid_credentials" time="0.341" /><testcase classname="backend.tests.test_emergent_api.TestAuthentication" name="test_login_with_invalid_credentials" time="0.105" /><testcase classname="backend.tests.test_emergent_api.TestAuthentication" name="test_protected_endpoint_without_token" time="0.134" /><testcase classname="backend.tests.test_emergent_api.TestGoogleSheetsIntegration" name="test_google_sheets_status" time="0.455" /><testcase classname="backend.tests.test_emergent_api.TestPedidoSearch" name="test_search_pedido_by_entrega" time="0.660"><failure message="assert 404 == 200&#10; +  where 404 = &lt;Response [404]&gt;.status_code">backend/tests/test_emergent_api.py:110: in test_search_pedido_by_entrega
    assert response.status_code == 200
E   assert 404 == 200
E    +  where 404 = &lt;Response [404]&gt;.status_code</failure></testcase><testcase classname="backend.tests.test_emergent_api.TestPedidoSearch" name="test_search_pedido_not_found" time="0.495" /><testcase classname="backend.tests.test_emergent_api.TestChamadosCRUD" name="test_create_chamado_and_verify_google_sheets_sync" time="0.612" /><testcase classname="backend.tests.test_emergent_api.TestChamadosCRUD" name="test_list_chamados" time="0.468" /><testcase classname="backend.tests.test_emergent_api.TestChamadosCRUD" name="test_get_chamado_by_id" time="0.585" /><testcase classname="backend.tests.test_emergent_api.TestChamadosCRUD" name="test_create_chamado_without_numero_pedido" time="0.494" /><testcase classname="backend.tests.test_emergent_api.TestDashboard" name="test_dashboard_stats" time="0.533" /><testcase classname="backend.tests.test_emergent_api.TestTextoPadroes" name="test_get_texto_padrao" time="0.481" /><testcase classname="backend.tests.test_emergent_api.TestTextoPadroes" name="test_list_textos_padroes" time="0.449" /><testcase classname="backend.tests.test_new_features.TestCodigoFornecedor" name="test_cpf_search_returns_codigo_fornecedor" time="0.492" /><testcase classname="backend.tests.test_new_features.TestCodigoFornecedor" name="test_cpf_search_returns_transportadora" time="0.557" /><testcase classname="backend.tests.test_new_features.TestAcompanhamentoCategory" name="test_acompanhamento_texto_padrao_exists" time="0.550" /><testcase classname="backend.tests.test_new_features.TestAcompanhamentoCategory" name="test_acompanhamento_entregue_possivel_contestacao" time="0.536" /><testcase classname="backend.tests.test_new_features.TestAcompanhamentoCategory" name="test_acompanhamento_contestacao_expirada" time="0.561" /><testcase classname="backend.tests.test_new_features.TestAcompanhamentoCategory" name="test_acompanhamento_sem_comprovante" time="0.499" /><testcase classname="backend.tests.test_new_features.TestAcompanhamentoCategory" name="test_acompanhamento_em_processo_total_express" time="0.545" /><testcase classname="backend.tests.test_new_features.TestAcompanhamentoCategory" name="test_list_textos_includes_acompanhamento" time="0.577" /><testcase classname="backend.tests.test_new_features.TestChamadoWithAcompanhamento" name="test_create_chamado_with_acompanhamento" time="0.763" /><testcase classname="backend.tests.test_new_features.TestGoogleSheetsStatus" name="test_google_sheets_connection_status" time="0.499" /></testsuite></testsuites>