<?xml version="1.0" encoding="utf-8"?><testsuites name="pytest tests"><testsuite name="pytest" errors="0" failures="0" skipped="0" tests="11" time="4.867" timestamp="2026-03-11T14:25:16.767910+00:00" hostname="agent-env-5a603c21-36fc-40df-bc7d-034e2eca1f04"><testcase classname="backend.tests.test_ajustes_marco2026.TestAjuste1MotivoMapping" name="test_migrar_ajustes_marco2026_endpoint" time="0.821" /><testcase classname="backend.tests.test_ajustes_marco2026.TestAjuste1MotivoMapping" name="test_create_chamado_auto_fill_motivo" time="0.815" /><testcase classname="backend.tests.test_ajustes_marco2026.TestAjuste2ClearVerificar" name="test_update_motivo_clears_verificar" time="0.577" /><testcase classname="backend.tests.test_ajustes_marco2026.TestAjuste3MultiParceiro" name="test_single_parceiro_filter" time="0.276" /><testcase classname="backend.tests.test_ajustes_marco2026.TestAjuste3MultiParceiro" name="test_multi_parceiro_filter" time="0.329" /><testcase classname="backend.tests.test_ajustes_marco2026.TestAjuste3MultiParceiro" name="test_multi_parceiro_filter_three_values" time="0.318" /><testcase classname="backend.tests.test_ajustes_marco2026.TestAjuste4TotalNaBase" name="test_total_na_base_endpoint" time="0.156" /><testcase classname="backend.tests.test_ajustes_marco2026.TestAjuste4TotalNaBase" name="test_total_na_base_independent_of_filters" time="0.537" /><testcase classname="backend.tests.test_ajustes_marco2026.TestAjuste5DataUltimoStatus" name="test_chamados_list_has_data_ultimo_status" time="0.267" /><testcase classname="backend.tests.test_ajustes_marco2026.TestAjuste5DataUltimoStatus" name="test_chamado_detail_has_pedido_data_status" time="0.411" /><testcase classname="backend.tests.test_ajustes_marco2026.TestMotivoMappingFunction" name="test_mapping_status_to_motivo" time="0.293" /></testsuite></testsuites>