<?xml version="1.0" encoding="utf-8"?><testsuites name="pytest tests"><testsuite name="pytest" errors="0" failures="0" skipped="0" tests="14" time="6.236" timestamp="2026-03-01T20:02:56.923483+00:00" hostname="agent-env-04d1d446-9ecc-4c82-9a11-2230b5b5c6c2"><testcase classname="tests.test_emergent_api.TestAPIRoot" name="test_api_root" time="0.184" /><testcase classname="tests.test_emergent_api.TestAuthentication" name="test_login_with_valid_credentials" time="0.352" /><testcase classname="tests.test_emergent_api.TestAuthentication" name="test_login_with_invalid_credentials" time="0.165" /><testcase classname="tests.test_emergent_api.TestAuthentication" name="test_protected_endpoint_without_token" time="0.149" /><testcase classname="tests.test_emergent_api.TestGoogleSheetsIntegration" name="test_google_sheets_status" time="0.502" /><testcase classname="tests.test_emergent_api.TestPedidoSearch" name="test_search_pedido_by_entrega" time="0.476" /><testcase classname="tests.test_emergent_api.TestPedidoSearch" name="test_search_pedido_not_found" time="0.518" /><testcase classname="tests.test_emergent_api.TestChamadosCRUD" name="test_create_chamado_and_verify_google_sheets_sync" time="0.610" /><testcase classname="tests.test_emergent_api.TestChamadosCRUD" name="test_list_chamados" time="0.479" /><testcase classname="tests.test_emergent_api.TestChamadosCRUD" name="test_get_chamado_by_id" time="0.684" /><testcase classname="tests.test_emergent_api.TestChamadosCRUD" name="test_create_chamado_without_numero_pedido" time="0.579" /><testcase classname="tests.test_emergent_api.TestDashboard" name="test_dashboard_stats" time="0.525" /><testcase classname="tests.test_emergent_api.TestTextoPadroes" name="test_get_texto_padrao" time="0.480" /><testcase classname="tests.test_emergent_api.TestTextoPadroes" name="test_list_textos_padroes" time="0.457" /></testsuite></testsuites>